# JRE version: Java(TM) SE Runtime Environment (17.0.6+9) (build 17.0.6+9-LTS-190)
# Java VM: Java HotSpot(TM) 64-Bit Server VM (17.0.6+9-LTS-190, mixed mode, sharing, tiered, compressed oops, compressed class ptrs, g1 gc, windows-amd64)
GC Precious Log:
 CPUs: 4 total, 4 available
 Memory: 8025M
 Large Page Support: Disabled
 NUMA Support: Disabled
 Compressed Oops: Enabled (32-bit)
 Heap Region Size: 1M
 Heap Min Capacity: 8M
 Heap Initial Capacity: 126M
 Heap Max Capacity: 2008M
 Pre-touch: Disabled
 Parallel Workers: 4
 Concurrent Workers: 1
 Concurrent Refinement Workers: 4
 Periodic GC: Disabled
Heap:
 garbage-first heap   total 129024K, used 73752K [0x0000000082800000, 0x0000000100000000)
  region size 1024K, 70 young (71680K), 2 survivors (2048K)
 Metaspace       used 15519K, committed 15744K, reserved 1064960K
  class space    used 1845K, committed 1920K, reserved 1048576K
GC Heap History (6 events):
Event: 5.841 GC heap before
{Heap before GC invocations=0 (full 0):
 garbage-first heap   total 129024K, used 13312K [0x0000000082800000, 0x0000000100000000)
  region size 1024K, 13 young (13312K), 0 survivors (0K)
 Metaspace       used 3408K, committed 3520K, reserved 1056768K
  class space    used 359K, committed 384K, reserved 1048576K
}
Event: 5.845 GC heap after
{Heap after GC invocations=1 (full 0):
 garbage-first heap   total 129024K, used 3205K [0x0000000082800000, 0x0000000100000000)
  region size 1024K, 2 young (2048K), 2 survivors (2048K)
 Metaspace       used 3408K, committed 3520K, reserved 1056768K
  class space    used 359K, committed 384K, reserved 1048576K
}
Event: 6.344 GC heap before
{Heap before GC invocations=1 (full 0):
 garbage-first heap   total 129024K, used 15493K [0x0000000082800000, 0x0000000100000000)
  region size 1024K, 14 young (14336K), 2 survivors (2048K)
 Metaspace       used 5467K, committed 5632K, reserved 1056768K
  class space    used 661K, committed 768K, reserved 1048576K
}
Event: 6.347 GC heap after
{Heap after GC invocations=2 (full 0):
 garbage-first heap   total 129024K, used 3913K [0x0000000082800000, 0x0000000100000000)
  region size 1024K, 1 young (1024K), 1 survivors (1024K)
 Metaspace       used 5467K, committed 5632K, reserved 1056768K
  class space    used 661K, committed 768K, reserved 1048576K
}
Event: 7.659 GC heap before
{Heap before GC invocations=2 (full 0):
 garbage-first heap   total 129024K, used 34633K [0x0000000082800000, 0x0000000100000000)
  region size 1024K, 31 young (31744K), 1 survivors (1024K)
 Metaspace       used 9437K, committed 9600K, reserved 1064960K
  class space    used 1146K, committed 1216K, reserved 1048576K
}
Event: 7.662 GC heap after
{Heap after GC invocations=3 (full 0):
 garbage-first heap   total 129024K, used 5144K [0x0000000082800000, 0x0000000100000000)
  region size 1024K, 2 young (2048K), 2 survivors (2048K)
 Metaspace       used 9437K, committed 9600K, reserved 1064960K
  class space    used 1146K, committed 1216K, reserved 1048576K
}

